<?xml version="1.0" encoding="utf-8" standalone="no"?>
<test-run id="0" runstate="Runnable" testcasecount="1" result="Failed" label="Error" total="1" passed="0" failed="1" warnings="0" inconclusive="0" skipped="0" asserts="0" engine-version="3.17.0.0" clr-version="4.0.30319.42000" start-time="2024-07-12 09:54:55Z" end-time="2024-07-12 09:54:56Z" duration="0.502173">
  <command-line><![CDATA["C:\Program Files (x86)\NUnit.org\nunit-console\nunit3-console.exe"  HealthRecordAutomation\bin\Debug\net8.0\HealthRecordAutomation.dll ]]></command-line>
  <test-suite type="Assembly" id="0" name="" fullname="" runstate="NotRunnable" testcasecount="1" result="Failed" label="Error" start-time="2024-07-12 09:54:56Z" end-time="2024-07-12 09:54:56Z" duration="0.001" total="1" passed="0" failed="1" inconclusive="0" skipped="0" asserts="0">
    <failure>
      <message><![CDATA[NUnit.Engine.NUnitEngineException : Unable to acquire remote process agent]]></message>
      <stack-trace><![CDATA[--NUnitEngineException
Unable to acquire remote process agent
   at NUnit.Engine.Runners.ProcessRunner.CreateAgentAndRunnerIfNeeded()
   at NUnit.Engine.Runners.ProcessRunner.RunTests(ITestEventListener listener, TestFilter filter)
]]></stack-trace>
    </failure>
  </test-suite>
</test-run>